00:09:45.438 INFO : org.springframework.web.context.ContextLoader: 273 - Root WebApplicationContext: initialization started
00:09:45.762 INFO : org.springframework.web.context.support.XmlWebApplicationContext: 495 - Refreshing Root WebApplicationContext: startup date [Sun Feb 15 00:09:45 KST 2015]; root of context hierarchy
00:09:45.867 INFO : org.springframework.beans.factory.xml.XmlBeanDefinitionReader: 315 - Loading XML bean definitions from ServletContext resource [/WEB-INF/spring/root-context.xml]
00:09:46.268 INFO : org.springframework.beans.factory.support.DefaultListableBeanFactory: 557 - Pre-instantiating singletons in org.springframework.beans.factory.support.DefaultListableBeanFactory@cb42cf: defining beans [dataSource,sqlMapClient]; root of factory hierarchy
00:09:46.615 INFO : org.springframework.web.context.ContextLoader: 302 - Root WebApplicationContext: initialization completed in 1024 ms
00:09:46.911 INFO : org.springframework.web.servlet.DispatcherServlet: 444 - FrameworkServlet 'appServlet': initialization started
00:09:46.916 INFO : org.springframework.web.context.support.XmlWebApplicationContext: 495 - Refreshing WebApplicationContext for namespace 'appServlet-servlet': startup date [Sun Feb 15 00:09:46 KST 2015]; parent: Root WebApplicationContext
00:09:46.918 INFO : org.springframework.beans.factory.xml.XmlBeanDefinitionReader: 315 - Loading XML bean definitions from ServletContext resource [/WEB-INF/spring/appServlet/servlet-context.xml]
00:09:47.048 INFO : org.springframework.context.annotation.ClassPathBeanDefinitionScanner: 202 - JSR-250 'javax.annotation.ManagedBean' found and supported for component scanning
00:09:47.050 INFO : org.springframework.context.annotation.ClassPathBeanDefinitionScanner: 210 - JSR-330 'javax.inject.Named' annotation found and supported for component scanning
00:09:47.277 INFO : org.springframework.beans.factory.annotation.AutowiredAnnotationBeanPostProcessor: 139 - JSR-330 'javax.inject.Inject' annotation found and supported for autowiring
00:09:47.282 INFO : org.springframework.beans.factory.support.DefaultListableBeanFactory: 557 - Pre-instantiating singletons in org.springframework.beans.factory.support.DefaultListableBeanFactory@8990e4: defining beans [org.springframework.web.servlet.mvc.method.annotation.RequestMappingHandlerMapping#0,org.springframework.format.support.FormattingConversionServiceFactoryBean#0,org.springframework.web.servlet.mvc.method.annotation.RequestMappingHandlerAdapter#0,org.springframework.web.servlet.handler.MappedInterceptor#0,org.springframework.web.servlet.mvc.method.annotation.ExceptionHandlerExceptionResolver#0,org.springframework.web.servlet.mvc.annotation.ResponseStatusExceptionResolver#0,org.springframework.web.servlet.mvc.support.DefaultHandlerExceptionResolver#0,org.springframework.web.servlet.handler.BeanNameUrlHandlerMapping,org.springframework.web.servlet.mvc.HttpRequestHandlerAdapter,org.springframework.web.servlet.mvc.SimpleControllerHandlerAdapter,org.springframework.web.servlet.resource.ResourceHttpRequestHandler#0,org.springframework.web.servlet.handler.SimpleUrlHandlerMapping#0,org.springframework.web.servlet.view.InternalResourceViewResolver#0,homeController,noticeListController,usersController,noticeDao,userDao,org.springframework.context.annotation.internalConfigurationAnnotationProcessor,org.springframework.context.annotation.internalAutowiredAnnotationProcessor,org.springframework.context.annotation.internalRequiredAnnotationProcessor,org.springframework.context.annotation.internalCommonAnnotationProcessor,multipartResolver,org.springframework.context.annotation.ConfigurationClassPostProcessor$ImportAwareBeanPostProcessor#0]; parent: org.springframework.beans.factory.support.DefaultListableBeanFactory@cb42cf
00:09:47.412 INFO : org.springframework.web.servlet.mvc.method.annotation.RequestMappingHandlerMapping: 190 - Mapped "{[/home],methods=[GET],params=[],headers=[],consumes=[],produces=[],custom=[]}" onto public java.lang.String com.jungam.manage.control.HomeController.home(java.util.Locale,org.springframework.ui.Model)
00:09:47.415 INFO : org.springframework.web.servlet.mvc.method.annotation.RequestMappingHandlerMapping: 190 - Mapped "{[/noticeList],methods=[GET],params=[],headers=[],consumes=[],produces=[],custom=[]}" onto public org.springframework.web.servlet.ModelAndView com.jungam.manage.control.notice.NoticeListController.notice(javax.servlet.http.HttpServletRequest,javax.servlet.http.HttpServletResponse)
00:09:47.415 INFO : org.springframework.web.servlet.mvc.method.annotation.RequestMappingHandlerMapping: 190 - Mapped "{[/noticeWrite],methods=[GET],params=[],headers=[],consumes=[],produces=[],custom=[]}" onto protected org.springframework.web.servlet.ModelAndView com.jungam.manage.control.notice.NoticeListController.showWriteNotice(javax.servlet.http.HttpServletRequest,javax.servlet.http.HttpServletResponse)
00:09:47.416 INFO : org.springframework.web.servlet.mvc.method.annotation.RequestMappingHandlerMapping: 190 - Mapped "{[/noticeAdd],methods=[GET || POST],params=[],headers=[],consumes=[],produces=[],custom=[]}" onto protected org.springframework.web.servlet.ModelAndView com.jungam.manage.control.notice.NoticeListController.AddNotice(org.springframework.web.multipart.MultipartHttpServletRequest,javax.servlet.http.HttpServletResponse) throws java.lang.Exception
00:09:47.417 INFO : org.springframework.web.servlet.mvc.method.annotation.RequestMappingHandlerMapping: 190 - Mapped "{[/notice/{index}],methods=[GET],params=[],headers=[],consumes=[],produces=[],custom=[]}" onto protected org.springframework.web.servlet.ModelAndView com.jungam.manage.control.notice.NoticeListController.showNotice(javax.servlet.http.HttpServletRequest,javax.servlet.http.HttpServletResponse,int) throws java.lang.Exception
00:09:47.419 INFO : org.springframework.web.servlet.mvc.method.annotation.RequestMappingHandlerMapping: 190 - Mapped "{[/login],methods=[GET],params=[],headers=[],consumes=[],produces=[],custom=[]}" onto protected org.springframework.web.servlet.ModelAndView com.jungam.manage.control.users.UsersController.login(javax.servlet.http.HttpServletRequest,javax.servlet.http.HttpServletResponse)
00:09:47.419 INFO : org.springframework.web.servlet.mvc.method.annotation.RequestMappingHandlerMapping: 190 - Mapped "{[/checkLogin],methods=[POST],params=[],headers=[],consumes=[],produces=[],custom=[]}" onto protected org.springframework.web.servlet.ModelAndView com.jungam.manage.control.users.UsersController.checkLogin(javax.servlet.http.HttpServletRequest,javax.servlet.http.HttpServletResponse)
00:09:47.420 INFO : org.springframework.web.servlet.mvc.method.annotation.RequestMappingHandlerMapping: 190 - Mapped "{[/registerUser],methods=[GET],params=[],headers=[],consumes=[],produces=[],custom=[]}" onto protected org.springframework.web.servlet.ModelAndView com.jungam.manage.control.users.UsersController.registerUser(javax.servlet.http.HttpServletRequest,javax.servlet.http.HttpServletResponse)
00:09:47.420 INFO : org.springframework.web.servlet.mvc.method.annotation.RequestMappingHandlerMapping: 190 - Mapped "{[/addUser],methods=[POST],params=[],headers=[],consumes=[],produces=[],custom=[]}" onto protected org.springframework.web.servlet.ModelAndView com.jungam.manage.control.users.UsersController.addUser(javax.servlet.http.HttpServletRequest,javax.servlet.http.HttpServletResponse)
00:09:47.420 INFO : org.springframework.web.servlet.mvc.method.annotation.RequestMappingHandlerMapping: 190 - Mapped "{[/checkDuplId],methods=[POST],params=[],headers=[],consumes=[],produces=[],custom=[]}" onto protected void com.jungam.manage.control.users.UsersController.checkDuplicateId(javax.servlet.http.HttpServletRequest,javax.servlet.http.HttpServletResponse)
00:09:47.421 INFO : org.springframework.web.servlet.mvc.method.annotation.RequestMappingHandlerMapping: 190 - Mapped "{[/userList],methods=[GET],params=[],headers=[],consumes=[],produces=[],custom=[]}" onto protected org.springframework.web.servlet.ModelAndView com.jungam.manage.control.users.UsersController.userList(javax.servlet.http.HttpServletRequest,javax.servlet.http.HttpServletResponse)
00:09:48.071 INFO : org.springframework.web.servlet.handler.SimpleUrlHandlerMapping: 314 - Mapped URL path [/resources/**] onto handler 'org.springframework.web.servlet.resource.ResourceHttpRequestHandler#0'
00:09:48.175 INFO : org.springframework.web.servlet.DispatcherServlet: 463 - FrameworkServlet 'appServlet': initialization completed in 1263 ms
00:10:04.564 DEBUG: com.jungam.manage.dao.BoardDao: 35 - List Index : 9
00:10:04.565 DEBUG: com.jungam.manage.dao.BoardDao: 36 - List Title : insert test
00:10:04.565 DEBUG: com.jungam.manage.dao.BoardDao: 37 - List Writer : temp
00:10:04.565 DEBUG: com.jungam.manage.dao.BoardDao: 38 - List Context : INSERT FILE
00:10:04.565 DEBUG: com.jungam.manage.dao.BoardDao: 39 - List HitCount : 0
00:10:04.700 DEBUG: com.jungam.manage.dao.BoardDao: 43 - List file : 1
00:10:04.700 DEBUG: com.jungam.manage.dao.BoardDao: 35 - List Index : 7
00:10:04.700 DEBUG: com.jungam.manage.dao.BoardDao: 36 - List Title : insert test
00:10:04.700 DEBUG: com.jungam.manage.dao.BoardDao: 37 - List Writer : temp
00:10:04.701 DEBUG: com.jungam.manage.dao.BoardDao: 38 - List Context : INSERT FILE
00:10:04.701 DEBUG: com.jungam.manage.dao.BoardDao: 39 - List HitCount : 0
00:10:04.702 DEBUG: com.jungam.manage.dao.BoardDao: 43 - List file : 1
00:10:04.702 DEBUG: com.jungam.manage.dao.BoardDao: 35 - List Index : 6
00:10:04.702 DEBUG: com.jungam.manage.dao.BoardDao: 36 - List Title : insert test
00:10:04.703 DEBUG: com.jungam.manage.dao.BoardDao: 37 - List Writer : temp
00:10:04.703 DEBUG: com.jungam.manage.dao.BoardDao: 38 - List Context : insert well?
00:10:04.703 DEBUG: com.jungam.manage.dao.BoardDao: 39 - List HitCount : 0
00:10:04.704 DEBUG: com.jungam.manage.dao.BoardDao: 43 - List file : 0
00:10:04.704 DEBUG: com.jungam.manage.dao.BoardDao: 35 - List Index : 5
00:10:04.705 DEBUG: com.jungam.manage.dao.BoardDao: 36 - List Title : ttt
00:10:04.705 DEBUG: com.jungam.manage.dao.BoardDao: 37 - List Writer : xxx
00:10:04.705 DEBUG: com.jungam.manage.dao.BoardDao: 38 - List Context : sss
00:10:04.705 DEBUG: com.jungam.manage.dao.BoardDao: 39 - List HitCount : 0
00:10:04.706 DEBUG: com.jungam.manage.dao.BoardDao: 43 - List file : 0
00:10:04.707 DEBUG: com.jungam.manage.dao.BoardDao: 35 - List Index : 4
00:10:04.707 DEBUG: com.jungam.manage.dao.BoardDao: 36 - List Title : ttestttt
00:10:04.707 DEBUG: com.jungam.manage.dao.BoardDao: 37 - List Writer : who?
00:10:04.707 DEBUG: com.jungam.manage.dao.BoardDao: 38 - List Context : dkslkdjfalskjdf;alkdjf;kja;slkdjf
00:10:04.707 DEBUG: com.jungam.manage.dao.BoardDao: 39 - List HitCount : 0
00:10:04.709 DEBUG: com.jungam.manage.dao.BoardDao: 43 - List file : 0
00:10:04.710 DEBUG: com.jungam.manage.dao.BoardDao: 35 - List Index : 3
00:10:04.710 DEBUG: com.jungam.manage.dao.BoardDao: 36 - List Title : titlelelel
00:10:04.710 DEBUG: com.jungam.manage.dao.BoardDao: 37 - List Writer : writerrrr
00:10:04.710 DEBUG: com.jungam.manage.dao.BoardDao: 38 - List Context : aaaabbccccc
00:10:04.711 DEBUG: com.jungam.manage.dao.BoardDao: 39 - List HitCount : 0
00:10:04.712 DEBUG: com.jungam.manage.dao.BoardDao: 43 - List file : 0
00:19:30.764 DEBUG: com.jungam.manage.control.users.UsersController: 92 - duplicate Id : false
00:29:33.036 INFO : org.springframework.web.context.support.XmlWebApplicationContext: 1020 - Closing WebApplicationContext for namespace 'appServlet-servlet': startup date [Sun Feb 15 00:09:46 KST 2015]; parent: Root WebApplicationContext
00:29:33.039 INFO : org.springframework.beans.factory.support.DefaultListableBeanFactory: 433 - Destroying singletons in org.springframework.beans.factory.support.DefaultListableBeanFactory@8990e4: defining beans [org.springframework.web.servlet.mvc.method.annotation.RequestMappingHandlerMapping#0,org.springframework.format.support.FormattingConversionServiceFactoryBean#0,org.springframework.web.servlet.mvc.method.annotation.RequestMappingHandlerAdapter#0,org.springframework.web.servlet.handler.MappedInterceptor#0,org.springframework.web.servlet.mvc.method.annotation.ExceptionHandlerExceptionResolver#0,org.springframework.web.servlet.mvc.annotation.ResponseStatusExceptionResolver#0,org.springframework.web.servlet.mvc.support.DefaultHandlerExceptionResolver#0,org.springframework.web.servlet.handler.BeanNameUrlHandlerMapping,org.springframework.web.servlet.mvc.HttpRequestHandlerAdapter,org.springframework.web.servlet.mvc.SimpleControllerHandlerAdapter,org.springframework.web.servlet.resource.ResourceHttpRequestHandler#0,org.springframework.web.servlet.handler.SimpleUrlHandlerMapping#0,org.springframework.web.servlet.view.InternalResourceViewResolver#0,homeController,noticeListController,usersController,noticeDao,userDao,org.springframework.context.annotation.internalConfigurationAnnotationProcessor,org.springframework.context.annotation.internalAutowiredAnnotationProcessor,org.springframework.context.annotation.internalRequiredAnnotationProcessor,org.springframework.context.annotation.internalCommonAnnotationProcessor,multipartResolver,org.springframework.context.annotation.ConfigurationClassPostProcessor$ImportAwareBeanPostProcessor#0]; parent: org.springframework.beans.factory.support.DefaultListableBeanFactory@cb42cf
00:29:33.098 INFO : org.springframework.web.context.support.XmlWebApplicationContext: 1020 - Closing Root WebApplicationContext: startup date [Sun Feb 15 00:09:45 KST 2015]; root of context hierarchy
00:29:33.098 INFO : org.springframework.beans.factory.support.DefaultListableBeanFactory: 433 - Destroying singletons in org.springframework.beans.factory.support.DefaultListableBeanFactory@cb42cf: defining beans [dataSource,sqlMapClient]; root of factory hierarchy
00:29:37.047 INFO : org.springframework.web.context.ContextLoader: 273 - Root WebApplicationContext: initialization started
00:29:37.147 INFO : org.springframework.web.context.support.XmlWebApplicationContext: 495 - Refreshing Root WebApplicationContext: startup date [Sun Feb 15 00:29:37 KST 2015]; root of context hierarchy
00:29:37.220 INFO : org.springframework.beans.factory.xml.XmlBeanDefinitionReader: 315 - Loading XML bean definitions from ServletContext resource [/WEB-INF/spring/root-context.xml]
00:29:37.483 INFO : org.springframework.beans.factory.support.DefaultListableBeanFactory: 557 - Pre-instantiating singletons in org.springframework.beans.factory.support.DefaultListableBeanFactory@5902ca: defining beans [dataSource,sqlMapClient]; root of factory hierarchy
00:29:37.847 INFO : org.springframework.web.context.ContextLoader: 302 - Root WebApplicationContext: initialization completed in 797 ms
00:29:37.867 INFO : org.springframework.web.servlet.DispatcherServlet: 444 - FrameworkServlet 'appServlet': initialization started
00:29:37.871 INFO : org.springframework.web.context.support.XmlWebApplicationContext: 495 - Refreshing WebApplicationContext for namespace 'appServlet-servlet': startup date [Sun Feb 15 00:29:37 KST 2015]; parent: Root WebApplicationContext
00:29:37.872 INFO : org.springframework.beans.factory.xml.XmlBeanDefinitionReader: 315 - Loading XML bean definitions from ServletContext resource [/WEB-INF/spring/appServlet/servlet-context.xml]
00:29:37.993 INFO : org.springframework.context.annotation.ClassPathBeanDefinitionScanner: 202 - JSR-250 'javax.annotation.ManagedBean' found and supported for component scanning
00:29:37.996 INFO : org.springframework.context.annotation.ClassPathBeanDefinitionScanner: 210 - JSR-330 'javax.inject.Named' annotation found and supported for component scanning
00:29:38.329 INFO : org.springframework.beans.factory.annotation.AutowiredAnnotationBeanPostProcessor: 139 - JSR-330 'javax.inject.Inject' annotation found and supported for autowiring
00:29:38.336 INFO : org.springframework.beans.factory.support.DefaultListableBeanFactory: 557 - Pre-instantiating singletons in org.springframework.beans.factory.support.DefaultListableBeanFactory@b2db5b: defining beans [org.springframework.web.servlet.mvc.method.annotation.RequestMappingHandlerMapping#0,org.springframework.format.support.FormattingConversionServiceFactoryBean#0,org.springframework.web.servlet.mvc.method.annotation.RequestMappingHandlerAdapter#0,org.springframework.web.servlet.handler.MappedInterceptor#0,org.springframework.web.servlet.mvc.method.annotation.ExceptionHandlerExceptionResolver#0,org.springframework.web.servlet.mvc.annotation.ResponseStatusExceptionResolver#0,org.springframework.web.servlet.mvc.support.DefaultHandlerExceptionResolver#0,org.springframework.web.servlet.handler.BeanNameUrlHandlerMapping,org.springframework.web.servlet.mvc.HttpRequestHandlerAdapter,org.springframework.web.servlet.mvc.SimpleControllerHandlerAdapter,org.springframework.web.servlet.resource.ResourceHttpRequestHandler#0,org.springframework.web.servlet.handler.SimpleUrlHandlerMapping#0,org.springframework.web.servlet.view.InternalResourceViewResolver#0,homeController,noticeListController,usersController,noticeDao,userDao,org.springframework.context.annotation.internalConfigurationAnnotationProcessor,org.springframework.context.annotation.internalAutowiredAnnotationProcessor,org.springframework.context.annotation.internalRequiredAnnotationProcessor,org.springframework.context.annotation.internalCommonAnnotationProcessor,multipartResolver,org.springframework.context.annotation.ConfigurationClassPostProcessor$ImportAwareBeanPostProcessor#0]; parent: org.springframework.beans.factory.support.DefaultListableBeanFactory@5902ca
00:29:38.423 INFO : org.springframework.web.servlet.mvc.method.annotation.RequestMappingHandlerMapping: 190 - Mapped "{[/home],methods=[GET],params=[],headers=[],consumes=[],produces=[],custom=[]}" onto public java.lang.String com.jungam.manage.control.HomeController.home(java.util.Locale,org.springframework.ui.Model)
00:29:38.426 INFO : org.springframework.web.servlet.mvc.method.annotation.RequestMappingHandlerMapping: 190 - Mapped "{[/noticeList],methods=[GET],params=[],headers=[],consumes=[],produces=[],custom=[]}" onto public org.springframework.web.servlet.ModelAndView com.jungam.manage.control.notice.NoticeListController.notice(javax.servlet.http.HttpServletRequest,javax.servlet.http.HttpServletResponse)
00:29:38.427 INFO : org.springframework.web.servlet.mvc.method.annotation.RequestMappingHandlerMapping: 190 - Mapped "{[/noticeWrite],methods=[GET],params=[],headers=[],consumes=[],produces=[],custom=[]}" onto protected org.springframework.web.servlet.ModelAndView com.jungam.manage.control.notice.NoticeListController.showWriteNotice(javax.servlet.http.HttpServletRequest,javax.servlet.http.HttpServletResponse)
00:29:38.427 INFO : org.springframework.web.servlet.mvc.method.annotation.RequestMappingHandlerMapping: 190 - Mapped "{[/noticeAdd],methods=[GET || POST],params=[],headers=[],consumes=[],produces=[],custom=[]}" onto protected org.springframework.web.servlet.ModelAndView com.jungam.manage.control.notice.NoticeListController.AddNotice(org.springframework.web.multipart.MultipartHttpServletRequest,javax.servlet.http.HttpServletResponse) throws java.lang.Exception
00:29:38.429 INFO : org.springframework.web.servlet.mvc.method.annotation.RequestMappingHandlerMapping: 190 - Mapped "{[/notice/{index}],methods=[GET],params=[],headers=[],consumes=[],produces=[],custom=[]}" onto protected org.springframework.web.servlet.ModelAndView com.jungam.manage.control.notice.NoticeListController.showNotice(javax.servlet.http.HttpServletRequest,javax.servlet.http.HttpServletResponse,int) throws java.lang.Exception
00:29:38.430 INFO : org.springframework.web.servlet.mvc.method.annotation.RequestMappingHandlerMapping: 190 - Mapped "{[/login],methods=[GET],params=[],headers=[],consumes=[],produces=[],custom=[]}" onto protected org.springframework.web.servlet.ModelAndView com.jungam.manage.control.users.UsersController.login(javax.servlet.http.HttpServletRequest,javax.servlet.http.HttpServletResponse)
00:29:38.431 INFO : org.springframework.web.servlet.mvc.method.annotation.RequestMappingHandlerMapping: 190 - Mapped "{[/checkLogin],methods=[POST],params=[],headers=[],consumes=[],produces=[],custom=[]}" onto protected org.springframework.web.servlet.ModelAndView com.jungam.manage.control.users.UsersController.checkLogin(javax.servlet.http.HttpServletRequest,javax.servlet.http.HttpServletResponse)
00:29:38.431 INFO : org.springframework.web.servlet.mvc.method.annotation.RequestMappingHandlerMapping: 190 - Mapped "{[/registerUser],methods=[GET],params=[],headers=[],consumes=[],produces=[],custom=[]}" onto protected org.springframework.web.servlet.ModelAndView com.jungam.manage.control.users.UsersController.registerUser(javax.servlet.http.HttpServletRequest,javax.servlet.http.HttpServletResponse)
00:29:38.432 INFO : org.springframework.web.servlet.mvc.method.annotation.RequestMappingHandlerMapping: 190 - Mapped "{[/addUser],methods=[POST],params=[],headers=[],consumes=[],produces=[],custom=[]}" onto protected org.springframework.web.servlet.ModelAndView com.jungam.manage.control.users.UsersController.addUser(javax.servlet.http.HttpServletRequest,javax.servlet.http.HttpServletResponse)
00:29:38.432 INFO : org.springframework.web.servlet.mvc.method.annotation.RequestMappingHandlerMapping: 190 - Mapped "{[/checkDuplId],methods=[POST],params=[],headers=[],consumes=[],produces=[],custom=[]}" onto protected void com.jungam.manage.control.users.UsersController.checkDuplicateId(javax.servlet.http.HttpServletRequest,javax.servlet.http.HttpServletResponse)
00:29:38.433 INFO : org.springframework.web.servlet.mvc.method.annotation.RequestMappingHandlerMapping: 190 - Mapped "{[/userList],methods=[GET],params=[],headers=[],consumes=[],produces=[],custom=[]}" onto protected org.springframework.web.servlet.ModelAndView com.jungam.manage.control.users.UsersController.userList(javax.servlet.http.HttpServletRequest,javax.servlet.http.HttpServletResponse)
00:29:38.688 INFO : org.springframework.web.servlet.handler.SimpleUrlHandlerMapping: 314 - Mapped URL path [/resources/**] onto handler 'org.springframework.web.servlet.resource.ResourceHttpRequestHandler#0'
00:29:38.775 INFO : org.springframework.web.servlet.DispatcherServlet: 463 - FrameworkServlet 'appServlet': initialization completed in 908 ms
00:29:58.847 INFO : org.springframework.web.context.support.XmlWebApplicationContext: 1020 - Closing WebApplicationContext for namespace 'appServlet-servlet': startup date [Sun Feb 15 00:29:37 KST 2015]; parent: Root WebApplicationContext
00:29:58.849 INFO : org.springframework.beans.factory.support.DefaultListableBeanFactory: 433 - Destroying singletons in org.springframework.beans.factory.support.DefaultListableBeanFactory@b2db5b: defining beans [org.springframework.web.servlet.mvc.method.annotation.RequestMappingHandlerMapping#0,org.springframework.format.support.FormattingConversionServiceFactoryBean#0,org.springframework.web.servlet.mvc.method.annotation.RequestMappingHandlerAdapter#0,org.springframework.web.servlet.handler.MappedInterceptor#0,org.springframework.web.servlet.mvc.method.annotation.ExceptionHandlerExceptionResolver#0,org.springframework.web.servlet.mvc.annotation.ResponseStatusExceptionResolver#0,org.springframework.web.servlet.mvc.support.DefaultHandlerExceptionResolver#0,org.springframework.web.servlet.handler.BeanNameUrlHandlerMapping,org.springframework.web.servlet.mvc.HttpRequestHandlerAdapter,org.springframework.web.servlet.mvc.SimpleControllerHandlerAdapter,org.springframework.web.servlet.resource.ResourceHttpRequestHandler#0,org.springframework.web.servlet.handler.SimpleUrlHandlerMapping#0,org.springframework.web.servlet.view.InternalResourceViewResolver#0,homeController,noticeListController,usersController,noticeDao,userDao,org.springframework.context.annotation.internalConfigurationAnnotationProcessor,org.springframework.context.annotation.internalAutowiredAnnotationProcessor,org.springframework.context.annotation.internalRequiredAnnotationProcessor,org.springframework.context.annotation.internalCommonAnnotationProcessor,multipartResolver,org.springframework.context.annotation.ConfigurationClassPostProcessor$ImportAwareBeanPostProcessor#0]; parent: org.springframework.beans.factory.support.DefaultListableBeanFactory@5902ca
00:29:58.867 INFO : org.springframework.web.context.support.XmlWebApplicationContext: 1020 - Closing Root WebApplicationContext: startup date [Sun Feb 15 00:29:37 KST 2015]; root of context hierarchy
00:29:58.867 INFO : org.springframework.beans.factory.support.DefaultListableBeanFactory: 433 - Destroying singletons in org.springframework.beans.factory.support.DefaultListableBeanFactory@5902ca: defining beans [dataSource,sqlMapClient]; root of factory hierarchy
00:30:00.074 INFO : org.springframework.web.context.ContextLoader: 273 - Root WebApplicationContext: initialization started
00:30:00.204 INFO : org.springframework.web.context.support.XmlWebApplicationContext: 495 - Refreshing Root WebApplicationContext: startup date [Sun Feb 15 00:30:00 KST 2015]; root of context hierarchy
00:30:00.295 INFO : org.springframework.beans.factory.xml.XmlBeanDefinitionReader: 315 - Loading XML bean definitions from ServletContext resource [/WEB-INF/spring/root-context.xml]
00:30:00.412 INFO : org.springframework.beans.factory.support.DefaultListableBeanFactory: 557 - Pre-instantiating singletons in org.springframework.beans.factory.support.DefaultListableBeanFactory@f34a08: defining beans [dataSource,sqlMapClient]; root of factory hierarchy
00:30:00.686 INFO : org.springframework.web.context.ContextLoader: 302 - Root WebApplicationContext: initialization completed in 608 ms
00:30:00.702 INFO : org.springframework.web.servlet.DispatcherServlet: 444 - FrameworkServlet 'appServlet': initialization started
00:30:00.706 INFO : org.springframework.web.context.support.XmlWebApplicationContext: 495 - Refreshing WebApplicationContext for namespace 'appServlet-servlet': startup date [Sun Feb 15 00:30:00 KST 2015]; parent: Root WebApplicationContext
00:30:00.708 INFO : org.springframework.beans.factory.xml.XmlBeanDefinitionReader: 315 - Loading XML bean definitions from ServletContext resource [/WEB-INF/spring/appServlet/servlet-context.xml]
00:30:00.805 INFO : org.springframework.context.annotation.ClassPathBeanDefinitionScanner: 202 - JSR-250 'javax.annotation.ManagedBean' found and supported for component scanning
00:30:00.808 INFO : org.springframework.context.annotation.ClassPathBeanDefinitionScanner: 210 - JSR-330 'javax.inject.Named' annotation found and supported for component scanning
00:30:00.985 INFO : org.springframework.beans.factory.annotation.AutowiredAnnotationBeanPostProcessor: 139 - JSR-330 'javax.inject.Inject' annotation found and supported for autowiring
00:30:00.989 INFO : org.springframework.beans.factory.support.DefaultListableBeanFactory: 557 - Pre-instantiating singletons in org.springframework.beans.factory.support.DefaultListableBeanFactory@3e48f2: defining beans [org.springframework.web.servlet.mvc.method.annotation.RequestMappingHandlerMapping#0,org.springframework.format.support.FormattingConversionServiceFactoryBean#0,org.springframework.web.servlet.mvc.method.annotation.RequestMappingHandlerAdapter#0,org.springframework.web.servlet.handler.MappedInterceptor#0,org.springframework.web.servlet.mvc.method.annotation.ExceptionHandlerExceptionResolver#0,org.springframework.web.servlet.mvc.annotation.ResponseStatusExceptionResolver#0,org.springframework.web.servlet.mvc.support.DefaultHandlerExceptionResolver#0,org.springframework.web.servlet.handler.BeanNameUrlHandlerMapping,org.springframework.web.servlet.mvc.HttpRequestHandlerAdapter,org.springframework.web.servlet.mvc.SimpleControllerHandlerAdapter,org.springframework.web.servlet.resource.ResourceHttpRequestHandler#0,org.springframework.web.servlet.handler.SimpleUrlHandlerMapping#0,org.springframework.web.servlet.view.InternalResourceViewResolver#0,homeController,noticeListController,usersController,noticeDao,userDao,org.springframework.context.annotation.internalConfigurationAnnotationProcessor,org.springframework.context.annotation.internalAutowiredAnnotationProcessor,org.springframework.context.annotation.internalRequiredAnnotationProcessor,org.springframework.context.annotation.internalCommonAnnotationProcessor,multipartResolver,org.springframework.context.annotation.ConfigurationClassPostProcessor$ImportAwareBeanPostProcessor#0]; parent: org.springframework.beans.factory.support.DefaultListableBeanFactory@f34a08
00:30:01.225 INFO : org.springframework.web.servlet.mvc.method.annotation.RequestMappingHandlerMapping: 190 - Mapped "{[/home],methods=[GET],params=[],headers=[],consumes=[],produces=[],custom=[]}" onto public java.lang.String com.jungam.manage.control.HomeController.home(java.util.Locale,org.springframework.ui.Model)
00:30:01.228 INFO : org.springframework.web.servlet.mvc.method.annotation.RequestMappingHandlerMapping: 190 - Mapped "{[/noticeList],methods=[GET],params=[],headers=[],consumes=[],produces=[],custom=[]}" onto public org.springframework.web.servlet.ModelAndView com.jungam.manage.control.notice.NoticeListController.notice(javax.servlet.http.HttpServletRequest,javax.servlet.http.HttpServletResponse)
00:30:01.228 INFO : org.springframework.web.servlet.mvc.method.annotation.RequestMappingHandlerMapping: 190 - Mapped "{[/noticeWrite],methods=[GET],params=[],headers=[],consumes=[],produces=[],custom=[]}" onto protected org.springframework.web.servlet.ModelAndView com.jungam.manage.control.notice.NoticeListController.showWriteNotice(javax.servlet.http.HttpServletRequest,javax.servlet.http.HttpServletResponse)
00:30:01.229 INFO : org.springframework.web.servlet.mvc.method.annotation.RequestMappingHandlerMapping: 190 - Mapped "{[/noticeAdd],methods=[GET || POST],params=[],headers=[],consumes=[],produces=[],custom=[]}" onto protected org.springframework.web.servlet.ModelAndView com.jungam.manage.control.notice.NoticeListController.AddNotice(org.springframework.web.multipart.MultipartHttpServletRequest,javax.servlet.http.HttpServletResponse) throws java.lang.Exception
00:30:01.229 INFO : org.springframework.web.servlet.mvc.method.annotation.RequestMappingHandlerMapping: 190 - Mapped "{[/notice/{index}],methods=[GET],params=[],headers=[],consumes=[],produces=[],custom=[]}" onto protected org.springframework.web.servlet.ModelAndView com.jungam.manage.control.notice.NoticeListController.showNotice(javax.servlet.http.HttpServletRequest,javax.servlet.http.HttpServletResponse,int) throws java.lang.Exception
00:30:01.230 INFO : org.springframework.web.servlet.mvc.method.annotation.RequestMappingHandlerMapping: 190 - Mapped "{[/login],methods=[GET],params=[],headers=[],consumes=[],produces=[],custom=[]}" onto protected org.springframework.web.servlet.ModelAndView com.jungam.manage.control.users.UsersController.login(javax.servlet.http.HttpServletRequest,javax.servlet.http.HttpServletResponse)
00:30:01.230 INFO : org.springframework.web.servlet.mvc.method.annotation.RequestMappingHandlerMapping: 190 - Mapped "{[/checkLogin],methods=[POST],params=[],headers=[],consumes=[],produces=[],custom=[]}" onto protected org.springframework.web.servlet.ModelAndView com.jungam.manage.control.users.UsersController.checkLogin(javax.servlet.http.HttpServletRequest,javax.servlet.http.HttpServletResponse)
00:30:01.231 INFO : org.springframework.web.servlet.mvc.method.annotation.RequestMappingHandlerMapping: 190 - Mapped "{[/registerUser],methods=[GET],params=[],headers=[],consumes=[],produces=[],custom=[]}" onto protected org.springframework.web.servlet.ModelAndView com.jungam.manage.control.users.UsersController.registerUser(javax.servlet.http.HttpServletRequest,javax.servlet.http.HttpServletResponse)
00:30:01.231 INFO : org.springframework.web.servlet.mvc.method.annotation.RequestMappingHandlerMapping: 190 - Mapped "{[/addUser],methods=[POST],params=[],headers=[],consumes=[],produces=[],custom=[]}" onto protected org.springframework.web.servlet.ModelAndView com.jungam.manage.control.users.UsersController.addUser(javax.servlet.http.HttpServletRequest,javax.servlet.http.HttpServletResponse)
00:30:01.231 INFO : org.springframework.web.servlet.mvc.method.annotation.RequestMappingHandlerMapping: 190 - Mapped "{[/checkDuplId],methods=[POST],params=[],headers=[],consumes=[],produces=[],custom=[]}" onto protected void com.jungam.manage.control.users.UsersController.checkDuplicateId(javax.servlet.http.HttpServletRequest,javax.servlet.http.HttpServletResponse)
00:30:01.232 INFO : org.springframework.web.servlet.mvc.method.annotation.RequestMappingHandlerMapping: 190 - Mapped "{[/userList],methods=[GET],params=[],headers=[],consumes=[],produces=[],custom=[]}" onto protected org.springframework.web.servlet.ModelAndView com.jungam.manage.control.users.UsersController.userList(javax.servlet.http.HttpServletRequest,javax.servlet.http.HttpServletResponse)
00:30:01.417 INFO : org.springframework.web.servlet.handler.SimpleUrlHandlerMapping: 314 - Mapped URL path [/resources/**] onto handler 'org.springframework.web.servlet.resource.ResourceHttpRequestHandler#0'
00:30:01.527 INFO : org.springframework.web.servlet.DispatcherServlet: 463 - FrameworkServlet 'appServlet': initialization completed in 824 ms
00:30:11.562 INFO : org.springframework.web.context.support.XmlWebApplicationContext: 1020 - Closing WebApplicationContext for namespace 'appServlet-servlet': startup date [Sun Feb 15 00:30:00 KST 2015]; parent: Root WebApplicationContext
00:30:11.563 INFO : org.springframework.beans.factory.support.DefaultListableBeanFactory: 433 - Destroying singletons in org.springframework.beans.factory.support.DefaultListableBeanFactory@3e48f2: defining beans [org.springframework.web.servlet.mvc.method.annotation.RequestMappingHandlerMapping#0,org.springframework.format.support.FormattingConversionServiceFactoryBean#0,org.springframework.web.servlet.mvc.method.annotation.RequestMappingHandlerAdapter#0,org.springframework.web.servlet.handler.MappedInterceptor#0,org.springframework.web.servlet.mvc.method.annotation.ExceptionHandlerExceptionResolver#0,org.springframework.web.servlet.mvc.annotation.ResponseStatusExceptionResolver#0,org.springframework.web.servlet.mvc.support.DefaultHandlerExceptionResolver#0,org.springframework.web.servlet.handler.BeanNameUrlHandlerMapping,org.springframework.web.servlet.mvc.HttpRequestHandlerAdapter,org.springframework.web.servlet.mvc.SimpleControllerHandlerAdapter,org.springframework.web.servlet.resource.ResourceHttpRequestHandler#0,org.springframework.web.servlet.handler.SimpleUrlHandlerMapping#0,org.springframework.web.servlet.view.InternalResourceViewResolver#0,homeController,noticeListController,usersController,noticeDao,userDao,org.springframework.context.annotation.internalConfigurationAnnotationProcessor,org.springframework.context.annotation.internalAutowiredAnnotationProcessor,org.springframework.context.annotation.internalRequiredAnnotationProcessor,org.springframework.context.annotation.internalCommonAnnotationProcessor,multipartResolver,org.springframework.context.annotation.ConfigurationClassPostProcessor$ImportAwareBeanPostProcessor#0]; parent: org.springframework.beans.factory.support.DefaultListableBeanFactory@f34a08
00:30:11.569 INFO : org.springframework.web.context.support.XmlWebApplicationContext: 1020 - Closing Root WebApplicationContext: startup date [Sun Feb 15 00:30:00 KST 2015]; root of context hierarchy
00:30:11.569 INFO : org.springframework.beans.factory.support.DefaultListableBeanFactory: 433 - Destroying singletons in org.springframework.beans.factory.support.DefaultListableBeanFactory@f34a08: defining beans [dataSource,sqlMapClient]; root of factory hierarchy
00:30:12.804 INFO : org.springframework.web.context.ContextLoader: 273 - Root WebApplicationContext: initialization started
00:30:12.927 INFO : org.springframework.web.context.support.XmlWebApplicationContext: 495 - Refreshing Root WebApplicationContext: startup date [Sun Feb 15 00:30:12 KST 2015]; root of context hierarchy
00:30:13.003 INFO : org.springframework.beans.factory.xml.XmlBeanDefinitionReader: 315 - Loading XML bean definitions from ServletContext resource [/WEB-INF/spring/root-context.xml]
00:30:13.091 INFO : org.springframework.beans.factory.support.DefaultListableBeanFactory: 557 - Pre-instantiating singletons in org.springframework.beans.factory.support.DefaultListableBeanFactory@e51960: defining beans [dataSource,sqlMapClient]; root of factory hierarchy
00:30:13.349 INFO : org.springframework.web.context.ContextLoader: 302 - Root WebApplicationContext: initialization completed in 529 ms
00:30:13.365 INFO : org.springframework.web.servlet.DispatcherServlet: 444 - FrameworkServlet 'appServlet': initialization started
00:30:13.369 INFO : org.springframework.web.context.support.XmlWebApplicationContext: 495 - Refreshing WebApplicationContext for namespace 'appServlet-servlet': startup date [Sun Feb 15 00:30:13 KST 2015]; parent: Root WebApplicationContext
00:30:13.370 INFO : org.springframework.beans.factory.xml.XmlBeanDefinitionReader: 315 - Loading XML bean definitions from ServletContext resource [/WEB-INF/spring/appServlet/servlet-context.xml]
00:30:13.463 INFO : org.springframework.context.annotation.ClassPathBeanDefinitionScanner: 202 - JSR-250 'javax.annotation.ManagedBean' found and supported for component scanning
00:30:13.465 INFO : org.springframework.context.annotation.ClassPathBeanDefinitionScanner: 210 - JSR-330 'javax.inject.Named' annotation found and supported for component scanning
00:30:13.641 INFO : org.springframework.beans.factory.annotation.AutowiredAnnotationBeanPostProcessor: 139 - JSR-330 'javax.inject.Inject' annotation found and supported for autowiring
00:30:13.645 INFO : org.springframework.beans.factory.support.DefaultListableBeanFactory: 557 - Pre-instantiating singletons in org.springframework.beans.factory.support.DefaultListableBeanFactory@1f9c5c8: defining beans [org.springframework.web.servlet.mvc.method.annotation.RequestMappingHandlerMapping#0,org.springframework.format.support.FormattingConversionServiceFactoryBean#0,org.springframework.web.servlet.mvc.method.annotation.RequestMappingHandlerAdapter#0,org.springframework.web.servlet.handler.MappedInterceptor#0,org.springframework.web.servlet.mvc.method.annotation.ExceptionHandlerExceptionResolver#0,org.springframework.web.servlet.mvc.annotation.ResponseStatusExceptionResolver#0,org.springframework.web.servlet.mvc.support.DefaultHandlerExceptionResolver#0,org.springframework.web.servlet.handler.BeanNameUrlHandlerMapping,org.springframework.web.servlet.mvc.HttpRequestHandlerAdapter,org.springframework.web.servlet.mvc.SimpleControllerHandlerAdapter,org.springframework.web.servlet.resource.ResourceHttpRequestHandler#0,org.springframework.web.servlet.handler.SimpleUrlHandlerMapping#0,org.springframework.web.servlet.view.InternalResourceViewResolver#0,homeController,noticeListController,usersController,noticeDao,userDao,org.springframework.context.annotation.internalConfigurationAnnotationProcessor,org.springframework.context.annotation.internalAutowiredAnnotationProcessor,org.springframework.context.annotation.internalRequiredAnnotationProcessor,org.springframework.context.annotation.internalCommonAnnotationProcessor,multipartResolver,org.springframework.context.annotation.ConfigurationClassPostProcessor$ImportAwareBeanPostProcessor#0]; parent: org.springframework.beans.factory.support.DefaultListableBeanFactory@e51960
00:30:13.720 INFO : org.springframework.web.servlet.mvc.method.annotation.RequestMappingHandlerMapping: 190 - Mapped "{[/home],methods=[GET],params=[],headers=[],consumes=[],produces=[],custom=[]}" onto public java.lang.String com.jungam.manage.control.HomeController.home(java.util.Locale,org.springframework.ui.Model)
00:30:13.723 INFO : org.springframework.web.servlet.mvc.method.annotation.RequestMappingHandlerMapping: 190 - Mapped "{[/noticeList],methods=[GET],params=[],headers=[],consumes=[],produces=[],custom=[]}" onto public org.springframework.web.servlet.ModelAndView com.jungam.manage.control.notice.NoticeListController.notice(javax.servlet.http.HttpServletRequest,javax.servlet.http.HttpServletResponse)
00:30:13.723 INFO : org.springframework.web.servlet.mvc.method.annotation.RequestMappingHandlerMapping: 190 - Mapped "{[/noticeWrite],methods=[GET],params=[],headers=[],consumes=[],produces=[],custom=[]}" onto protected org.springframework.web.servlet.ModelAndView com.jungam.manage.control.notice.NoticeListController.showWriteNotice(javax.servlet.http.HttpServletRequest,javax.servlet.http.HttpServletResponse)
00:30:13.724 INFO : org.springframework.web.servlet.mvc.method.annotation.RequestMappingHandlerMapping: 190 - Mapped "{[/noticeAdd],methods=[GET || POST],params=[],headers=[],consumes=[],produces=[],custom=[]}" onto protected org.springframework.web.servlet.ModelAndView com.jungam.manage.control.notice.NoticeListController.AddNotice(org.springframework.web.multipart.MultipartHttpServletRequest,javax.servlet.http.HttpServletResponse) throws java.lang.Exception
00:30:13.724 INFO : org.springframework.web.servlet.mvc.method.annotation.RequestMappingHandlerMapping: 190 - Mapped "{[/notice/{index}],methods=[GET],params=[],headers=[],consumes=[],produces=[],custom=[]}" onto protected org.springframework.web.servlet.ModelAndView com.jungam.manage.control.notice.NoticeListController.showNotice(javax.servlet.http.HttpServletRequest,javax.servlet.http.HttpServletResponse,int) throws java.lang.Exception
00:30:13.725 INFO : org.springframework.web.servlet.mvc.method.annotation.RequestMappingHandlerMapping: 190 - Mapped "{[/login],methods=[GET],params=[],headers=[],consumes=[],produces=[],custom=[]}" onto protected org.springframework.web.servlet.ModelAndView com.jungam.manage.control.users.UsersController.login(javax.servlet.http.HttpServletRequest,javax.servlet.http.HttpServletResponse)
00:30:13.726 INFO : org.springframework.web.servlet.mvc.method.annotation.RequestMappingHandlerMapping: 190 - Mapped "{[/checkLogin],methods=[POST],params=[],headers=[],consumes=[],produces=[],custom=[]}" onto protected org.springframework.web.servlet.ModelAndView com.jungam.manage.control.users.UsersController.checkLogin(javax.servlet.http.HttpServletRequest,javax.servlet.http.HttpServletResponse)
00:30:13.726 INFO : org.springframework.web.servlet.mvc.method.annotation.RequestMappingHandlerMapping: 190 - Mapped "{[/registerUser],methods=[GET],params=[],headers=[],consumes=[],produces=[],custom=[]}" onto protected org.springframework.web.servlet.ModelAndView com.jungam.manage.control.users.UsersController.registerUser(javax.servlet.http.HttpServletRequest,javax.servlet.http.HttpServletResponse)
00:30:13.726 INFO : org.springframework.web.servlet.mvc.method.annotation.RequestMappingHandlerMapping: 190 - Mapped "{[/addUser],methods=[POST],params=[],headers=[],consumes=[],produces=[],custom=[]}" onto protected org.springframework.web.servlet.ModelAndView com.jungam.manage.control.users.UsersController.addUser(javax.servlet.http.HttpServletRequest,javax.servlet.http.HttpServletResponse)
00:30:13.727 INFO : org.springframework.web.servlet.mvc.method.annotation.RequestMappingHandlerMapping: 190 - Mapped "{[/checkDuplId],methods=[POST],params=[],headers=[],consumes=[],produces=[],custom=[]}" onto protected void com.jungam.manage.control.users.UsersController.checkDuplicateId(javax.servlet.http.HttpServletRequest,javax.servlet.http.HttpServletResponse)
00:30:13.727 INFO : org.springframework.web.servlet.mvc.method.annotation.RequestMappingHandlerMapping: 190 - Mapped "{[/userList],methods=[GET],params=[],headers=[],consumes=[],produces=[],custom=[]}" onto protected org.springframework.web.servlet.ModelAndView com.jungam.manage.control.users.UsersController.userList(javax.servlet.http.HttpServletRequest,javax.servlet.http.HttpServletResponse)
00:30:13.923 INFO : org.springframework.web.servlet.handler.SimpleUrlHandlerMapping: 314 - Mapped URL path [/resources/**] onto handler 'org.springframework.web.servlet.resource.ResourceHttpRequestHandler#0'
00:30:14.025 INFO : org.springframework.web.servlet.DispatcherServlet: 463 - FrameworkServlet 'appServlet': initialization completed in 660 ms
